INFO 2025-11-03 12:28:14,752 user_events Attempting to connect to RabbitMQ at rabbitmq:5672
ERROR 2025-11-03 12:28:14,758 user_events Connection error: 
Traceback (most recent call last):
  File "/app/Core/consumer.py", line 96, in start_consuming
    channel.exchange_declare(
  File "/app/Core/consumer.py", line 38, in get_connection
    return pika.BlockingConnection(parameters)
  File "/usr/local/lib/python3.10/site-packages/pika/adapters/blocking_connection.py", line 360, in __init__
    self._impl = self._create_connection(parameters, _impl_class)
  File "/usr/local/lib/python3.10/site-packages/pika/adapters/blocking_connection.py", line 451, in _create_connection
    raise self._reap_last_connection_workflow_error(error)
pika.exceptions.AMQPConnectionError
INFO 2025-11-03 12:28:14,761 user_events Retrying in 5 seconds…
INFO 2025-11-03 12:28:19,766 user_events Attempting to connect to RabbitMQ at rabbitmq:5672
ERROR 2025-11-03 12:28:19,769 user_events Connection error: 
Traceback (most recent call last):
  File "/app/Core/consumer.py", line 96, in start_consuming
    channel.exchange_declare(
  File "/app/Core/consumer.py", line 38, in get_connection
    return pika.BlockingConnection(parameters)
  File "/usr/local/lib/python3.10/site-packages/pika/adapters/blocking_connection.py", line 360, in __init__
    self._impl = self._create_connection(parameters, _impl_class)
  File "/usr/local/lib/python3.10/site-packages/pika/adapters/blocking_connection.py", line 451, in _create_connection
    raise self._reap_last_connection_workflow_error(error)
pika.exceptions.AMQPConnectionError
INFO 2025-11-03 12:28:19,772 user_events Retrying in 5 seconds…
INFO 2025-11-03 12:28:24,776 user_events Attempting to connect to RabbitMQ at rabbitmq:5672
ERROR 2025-11-03 12:28:24,780 user_events Connection error: 
Traceback (most recent call last):
  File "/app/Core/consumer.py", line 96, in start_consuming
    channel.exchange_declare(
  File "/app/Core/consumer.py", line 38, in get_connection
    return pika.BlockingConnection(parameters)
  File "/usr/local/lib/python3.10/site-packages/pika/adapters/blocking_connection.py", line 360, in __init__
    self._impl = self._create_connection(parameters, _impl_class)
  File "/usr/local/lib/python3.10/site-packages/pika/adapters/blocking_connection.py", line 451, in _create_connection
    raise self._reap_last_connection_workflow_error(error)
pika.exceptions.AMQPConnectionError
INFO 2025-11-03 12:28:24,784 user_events Retrying in 5 seconds…
INFO 2025-11-03 12:28:31,354 user_events Attempting to connect to RabbitMQ at rabbitmq:5672
ERROR 2025-11-03 12:28:31,358 user_events Connection error: 
Traceback (most recent call last):
  File "/app/Core/consumer.py", line 96, in start_consuming
    channel.exchange_declare(
  File "/app/Core/consumer.py", line 38, in get_connection
    return pika.BlockingConnection(parameters)
  File "/usr/local/lib/python3.10/site-packages/pika/adapters/blocking_connection.py", line 360, in __init__
    self._impl = self._create_connection(parameters, _impl_class)
  File "/usr/local/lib/python3.10/site-packages/pika/adapters/blocking_connection.py", line 451, in _create_connection
    raise self._reap_last_connection_workflow_error(error)
pika.exceptions.AMQPConnectionError
INFO 2025-11-03 12:28:31,361 user_events Retrying in 5 seconds…
INFO 2025-11-03 12:28:36,365 user_events Attempting to connect to RabbitMQ at rabbitmq:5672
ERROR 2025-11-03 12:28:36,368 user_events Connection error: 
Traceback (most recent call last):
  File "/app/Core/consumer.py", line 96, in start_consuming
    channel.exchange_declare(
  File "/app/Core/consumer.py", line 38, in get_connection
    return pika.BlockingConnection(parameters)
  File "/usr/local/lib/python3.10/site-packages/pika/adapters/blocking_connection.py", line 360, in __init__
    self._impl = self._create_connection(parameters, _impl_class)
  File "/usr/local/lib/python3.10/site-packages/pika/adapters/blocking_connection.py", line 451, in _create_connection
    raise self._reap_last_connection_workflow_error(error)
pika.exceptions.AMQPConnectionError
INFO 2025-11-03 12:28:36,372 user_events Retrying in 5 seconds…
INFO 2025-11-03 12:28:41,375 user_events Attempting to connect to RabbitMQ at rabbitmq:5672
ERROR 2025-11-03 12:28:41,379 user_events Connection error: 
Traceback (most recent call last):
  File "/app/Core/consumer.py", line 96, in start_consuming
    channel.exchange_declare(
  File "/app/Core/consumer.py", line 38, in get_connection
    return pika.BlockingConnection(parameters)
  File "/usr/local/lib/python3.10/site-packages/pika/adapters/blocking_connection.py", line 360, in __init__
    self._impl = self._create_connection(parameters, _impl_class)
  File "/usr/local/lib/python3.10/site-packages/pika/adapters/blocking_connection.py", line 451, in _create_connection
    raise self._reap_last_connection_workflow_error(error)
pika.exceptions.AMQPConnectionError
INFO 2025-11-03 12:28:41,382 user_events Retrying in 5 seconds…
INFO 2025-11-03 12:28:42,626 django.server "POST /api/user/register/ HTTP/1.1" 201 248
INFO 2025-11-03 12:28:46,388 user_events Attempting to connect to RabbitMQ at rabbitmq:5672
ERROR 2025-11-03 12:28:46,392 user_events Connection error: 
Traceback (most recent call last):
  File "/app/Core/consumer.py", line 96, in start_consuming
    channel.exchange_declare(
  File "/app/Core/consumer.py", line 38, in get_connection
    return pika.BlockingConnection(parameters)
  File "/usr/local/lib/python3.10/site-packages/pika/adapters/blocking_connection.py", line 360, in __init__
    self._impl = self._create_connection(parameters, _impl_class)
  File "/usr/local/lib/python3.10/site-packages/pika/adapters/blocking_connection.py", line 451, in _create_connection
    raise self._reap_last_connection_workflow_error(error)
pika.exceptions.AMQPConnectionError
INFO 2025-11-03 12:28:46,397 user_events Retrying in 5 seconds…
INFO 2025-11-03 12:28:50,272 django.server "POST /api/user/login/ HTTP/1.1" 200 75
INFO 2025-11-03 12:28:51,403 user_events Attempting to connect to RabbitMQ at rabbitmq:5672
ERROR 2025-11-03 12:28:51,405 user_events Connection error: 
Traceback (most recent call last):
  File "/app/Core/consumer.py", line 96, in start_consuming
    channel.exchange_declare(
  File "/app/Core/consumer.py", line 38, in get_connection
    return pika.BlockingConnection(parameters)
  File "/usr/local/lib/python3.10/site-packages/pika/adapters/blocking_connection.py", line 360, in __init__
    self._impl = self._create_connection(parameters, _impl_class)
  File "/usr/local/lib/python3.10/site-packages/pika/adapters/blocking_connection.py", line 451, in _create_connection
    raise self._reap_last_connection_workflow_error(error)
pika.exceptions.AMQPConnectionError
INFO 2025-11-03 12:28:51,411 user_events Retrying in 5 seconds…
INFO 2025-11-03 12:28:56,416 user_events Attempting to connect to RabbitMQ at rabbitmq:5672
INFO 2025-11-03 12:28:56,425 user_events Successfully connected to RabbitMQ
INFO 2025-11-03 12:28:56,428 user_events Channel created
INFO 2025-11-03 12:28:56,649 user_events Exchange 'shop_events' declared
INFO 2025-11-03 12:28:56,925 user_events Queue 'user_shop_events' declared
INFO 2025-11-03 12:28:57,153 user_events Queue 'user_shop_events' bound to exchange 'shop_events' with routing key 'shop.approved'
INFO 2025-11-03 12:28:57,159 user_events User service listening for shop.approved events…
INFO 2025-11-03 12:28:57,811 django.server "GET /openapi.json HTTP/1.1" 200 3587
INFO 2025-11-03 12:29:48,392 django.server "GET /openapi.json HTTP/1.1" 200 3587
INFO 2025-11-03 12:30:38,976 django.server "GET /openapi.json HTTP/1.1" 200 3587
INFO 2025-11-03 12:31:27,980 django.server "GET /openapi.json HTTP/1.1" 200 3587
INFO 2025-11-03 12:32:18,670 django.server "GET /openapi.json HTTP/1.1" 200 3587
INFO 2025-11-03 12:33:07,719 django.server "GET /openapi.json HTTP/1.1" 200 3587
INFO 2025-11-03 12:33:58,616 django.server "GET /openapi.json HTTP/1.1" 200 3587
INFO 2025-11-03 12:34:33,602 django.server "POST /api/user/register/ HTTP/1.1" 201 251
INFO 2025-11-03 12:34:47,352 django.server "POST /api/user/login/ HTTP/1.1" 200 76
INFO 2025-11-03 12:34:49,397 django.server "GET /openapi.json HTTP/1.1" 200 3587
INFO 2025-11-03 12:35:38,356 django.server "GET /openapi.json HTTP/1.1" 200 3587
INFO 2025-11-03 12:36:28,904 django.server "GET /openapi.json HTTP/1.1" 200 3587
INFO 2025-11-03 12:37:17,997 django.server "GET /openapi.json HTTP/1.1" 200 3587
INFO 2025-11-03 12:38:08,778 django.server "GET /openapi.json HTTP/1.1" 200 3587
INFO 2025-11-03 12:38:57,934 django.server "GET /openapi.json HTTP/1.1" 200 3587
INFO 2025-11-03 12:39:48,680 django.server "GET /openapi.json HTTP/1.1" 200 3587
INFO 2025-11-03 12:40:39,293 django.server "GET /openapi.json HTTP/1.1" 200 3587
INFO 2025-11-03 12:41:28,510 django.server "GET /openapi.json HTTP/1.1" 200 3587
INFO 2025-11-03 12:42:19,164 django.server "GET /openapi.json HTTP/1.1" 200 3587
INFO 2025-11-03 12:43:08,341 django.server "GET /openapi.json HTTP/1.1" 200 3587
INFO 2025-11-03 12:43:59,181 django.server "GET /openapi.json HTTP/1.1" 200 3587
INFO 2025-11-03 12:44:49,776 django.server "GET /openapi.json HTTP/1.1" 200 3587
INFO 2025-11-03 12:45:38,659 django.server "GET /openapi.json HTTP/1.1" 200 3587
INFO 2025-11-03 12:46:29,328 django.server "GET /openapi.json HTTP/1.1" 200 3587
INFO 2025-11-03 12:47:18,264 django.server "GET /openapi.json HTTP/1.1" 200 3587
INFO 2025-11-03 12:48:09,113 django.server "GET /openapi.json HTTP/1.1" 200 3587
INFO 2025-11-03 12:48:58,324 django.server "GET /openapi.json HTTP/1.1" 200 3587
INFO 2025-11-03 12:49:49,141 django.server "GET /openapi.json HTTP/1.1" 200 3587
INFO 2025-11-03 12:50:39,858 django.server "GET /openapi.json HTTP/1.1" 200 3587
INFO 2025-11-03 12:51:28,914 django.server "GET /openapi.json HTTP/1.1" 200 3587
INFO 2025-11-03 12:52:19,653 django.server "GET /openapi.json HTTP/1.1" 200 3587
INFO 2025-11-03 12:53:08,755 django.server "GET /openapi.json HTTP/1.1" 200 3587
INFO 2025-11-03 12:53:59,630 django.server "GET /openapi.json HTTP/1.1" 200 3587
INFO 2025-11-03 12:54:50,437 django.server "GET /openapi.json HTTP/1.1" 200 3587
INFO 2025-11-03 12:55:39,388 django.server "GET /openapi.json HTTP/1.1" 200 3587
INFO 2025-11-03 12:56:30,162 django.server "GET /openapi.json HTTP/1.1" 200 3587
INFO 2025-11-03 12:57:19,320 django.server "GET /openapi.json HTTP/1.1" 200 3587
INFO 2025-11-03 12:58:09,956 django.server "GET /openapi.json HTTP/1.1" 200 3587
INFO 2025-11-03 12:58:59,000 django.server "GET /openapi.json HTTP/1.1" 200 3587
INFO 2025-11-03 12:59:03,561 django.server "POST /api/user/login/ HTTP/1.1" 200 76
INFO 2025-11-03 12:59:49,675 django.server "GET /openapi.json HTTP/1.1" 200 3587
INFO 2025-11-03 13:00:40,422 django.server "GET /openapi.json HTTP/1.1" 200 3587
INFO 2025-11-03 13:01:29,540 django.server "GET /openapi.json HTTP/1.1" 200 3587
INFO 2025-11-03 13:02:20,248 django.server "GET /openapi.json HTTP/1.1" 200 3587
INFO 2025-11-03 13:03:09,274 django.server "GET /openapi.json HTTP/1.1" 200 3587
INFO 2025-11-03 13:03:59,854 django.server "GET /openapi.json HTTP/1.1" 200 3587
INFO 2025-11-03 13:04:50,541 django.server "GET /openapi.json HTTP/1.1" 200 3587
INFO 2025-11-03 13:05:03,794 django.server "GET /api/user/profile/ HTTP/1.1" 200 242
INFO 2025-11-03 13:05:39,504 django.server "GET /openapi.json HTTP/1.1" 200 3587
INFO 2025-11-03 13:06:30,397 django.server "GET /openapi.json HTTP/1.1" 200 3587
INFO 2025-11-03 13:07:19,450 django.server "GET /openapi.json HTTP/1.1" 200 3587
INFO 2025-11-03 13:08:10,409 django.server "GET /openapi.json HTTP/1.1" 200 3587
INFO 2025-11-03 13:08:59,519 django.server "GET /openapi.json HTTP/1.1" 200 3587
INFO 2025-11-03 13:09:50,192 django.server "GET /openapi.json HTTP/1.1" 200 3587
INFO 2025-11-03 13:10:40,969 django.server "GET /openapi.json HTTP/1.1" 200 3587
INFO 2025-11-03 13:11:30,061 django.server "GET /openapi.json HTTP/1.1" 200 3587
INFO 2025-11-03 13:12:20,828 django.server "GET /openapi.json HTTP/1.1" 200 3587
INFO 2025-11-03 13:13:09,882 django.server "GET /openapi.json HTTP/1.1" 200 3587
INFO 2025-11-03 13:14:00,649 django.server "GET /openapi.json HTTP/1.1" 200 3587
INFO 2025-11-03 13:14:51,464 django.server "GET /openapi.json HTTP/1.1" 200 3587
INFO 2025-11-03 13:15:40,654 django.server "GET /openapi.json HTTP/1.1" 200 3587
INFO 2025-11-03 13:16:31,284 django.server "GET /openapi.json HTTP/1.1" 200 3587
INFO 2025-11-03 13:17:20,473 django.server "GET /openapi.json HTTP/1.1" 200 3587
INFO 2025-11-03 13:18:11,229 django.server "GET /openapi.json HTTP/1.1" 200 3587
INFO 2025-11-03 13:19:00,312 django.server "GET /openapi.json HTTP/1.1" 200 3587
INFO 2025-11-03 13:19:51,042 django.server "GET /openapi.json HTTP/1.1" 200 3587
INFO 2025-11-03 13:20:41,647 django.server "GET /openapi.json HTTP/1.1" 200 3587
INFO 2025-11-03 13:21:30,734 django.server "GET /openapi.json HTTP/1.1" 200 3587
INFO 2025-11-03 13:22:21,550 django.server "GET /openapi.json HTTP/1.1" 200 3587
INFO 2025-11-03 13:23:10,751 django.server "GET /openapi.json HTTP/1.1" 200 3587
INFO 2025-11-03 13:24:01,571 django.server "GET /openapi.json HTTP/1.1" 200 3587
INFO 2025-11-03 13:24:52,374 django.server "GET /openapi.json HTTP/1.1" 200 3587
INFO 2025-11-03 13:25:41,576 django.server "GET /openapi.json HTTP/1.1" 200 3587
INFO 2025-11-03 13:26:32,518 django.server "GET /openapi.json HTTP/1.1" 200 3587
INFO 2025-11-03 13:27:21,512 django.server "GET /openapi.json HTTP/1.1" 200 3587
INFO 2025-11-03 13:28:12,460 django.server "GET /openapi.json HTTP/1.1" 200 3587
INFO 2025-11-03 13:29:01,579 django.server "GET /openapi.json HTTP/1.1" 200 3587
INFO 2025-11-03 13:29:52,472 django.server "GET /openapi.json HTTP/1.1" 200 3587
INFO 2025-11-03 13:30:43,342 django.server "GET /openapi.json HTTP/1.1" 200 3587
INFO 2025-11-03 13:31:32,447 django.server "GET /openapi.json HTTP/1.1" 200 3587
INFO 2025-11-03 13:32:23,342 django.server "GET /openapi.json HTTP/1.1" 200 3587
INFO 2025-11-03 13:33:12,186 django.server "GET /openapi.json HTTP/1.1" 200 3587
INFO 2025-11-03 13:34:02,840 django.server "GET /openapi.json HTTP/1.1" 200 3587
INFO 2025-11-03 13:35:48,228 django.server "GET /openapi.json HTTP/1.1" 200 3587
INFO 2025-11-03 13:36:37,157 django.server "GET /openapi.json HTTP/1.1" 200 3587
INFO 2025-11-03 13:37:27,283 django.server "GET /openapi.json HTTP/1.1" 200 3587
INFO 2025-11-03 13:38:15,203 django.server "GET /openapi.json HTTP/1.1" 200 3587
INFO 2025-11-03 13:39:03,386 django.server "GET /openapi.json HTTP/1.1" 200 3587
INFO 2025-11-03 13:39:51,053 django.server "GET /openapi.json HTTP/1.1" 200 3587
INFO 2025-11-03 13:40:37,097 django.server "GET /openapi.json HTTP/1.1" 200 3587
INFO 2025-11-03 13:41:23,123 django.server "GET /openapi.json HTTP/1.1" 200 3587
INFO 2025-11-03 13:42:09,176 django.server "GET /openapi.json HTTP/1.1" 200 3587
INFO 2025-11-03 13:42:55,411 django.server "GET /openapi.json HTTP/1.1" 200 3587
INFO 2025-11-03 13:43:43,051 django.server "GET /openapi.json HTTP/1.1" 200 3587
INFO 2025-11-03 13:44:29,097 django.server "GET /openapi.json HTTP/1.1" 200 3587
INFO 2025-11-03 13:45:15,195 django.server "GET /openapi.json HTTP/1.1" 200 3587
INFO 2025-11-03 13:46:01,205 django.server "GET /openapi.json HTTP/1.1" 200 3587
INFO 2025-11-03 13:46:47,268 django.server "GET /openapi.json HTTP/1.1" 200 3587
INFO 2025-11-03 13:47:33,287 django.server "GET /openapi.json HTTP/1.1" 200 3587
INFO 2025-11-03 13:48:19,339 django.server "GET /openapi.json HTTP/1.1" 200 3587
INFO 2025-11-03 13:49:05,624 django.server "GET /openapi.json HTTP/1.1" 200 3587
INFO 2025-11-03 13:49:53,223 django.server "GET /openapi.json HTTP/1.1" 200 3587
INFO 2025-11-03 13:50:39,263 django.server "GET /openapi.json HTTP/1.1" 200 3587
INFO 2025-11-03 13:51:25,296 django.server "GET /openapi.json HTTP/1.1" 200 3587
INFO 2025-11-03 13:52:11,372 django.server "GET /openapi.json HTTP/1.1" 200 3587
INFO 2025-11-03 13:52:57,447 django.server "GET /openapi.json HTTP/1.1" 200 3587
INFO 2025-11-03 13:53:45,028 django.server "GET /openapi.json HTTP/1.1" 200 3587
INFO 2025-11-03 13:54:31,120 django.server "GET /openapi.json HTTP/1.1" 200 3587
INFO 2025-11-03 13:55:17,242 django.server "GET /openapi.json HTTP/1.1" 200 3587
INFO 2025-11-03 13:56:03,289 django.server "GET /openapi.json HTTP/1.1" 200 3587
INFO 2025-11-03 13:56:49,363 django.server "GET /openapi.json HTTP/1.1" 200 3587
INFO 2025-11-03 13:57:35,404 django.server "GET /openapi.json HTTP/1.1" 200 3587
INFO 2025-11-03 13:58:23,092 django.server "GET /openapi.json HTTP/1.1" 200 3587
INFO 2025-11-03 13:59:09,176 django.server "GET /openapi.json HTTP/1.1" 200 3587
INFO 2025-11-03 13:59:55,261 django.server "GET /openapi.json HTTP/1.1" 200 3587
INFO 2025-11-03 14:00:41,296 django.server "GET /openapi.json HTTP/1.1" 200 3587
INFO 2025-11-03 14:01:27,346 django.server "GET /openapi.json HTTP/1.1" 200 3587
INFO 2025-11-03 14:02:13,380 django.server "GET /openapi.json HTTP/1.1" 200 3587
INFO 2025-11-03 14:02:59,419 django.server "GET /openapi.json HTTP/1.1" 200 3587
INFO 2025-11-03 14:03:45,465 django.server "GET /openapi.json HTTP/1.1" 200 3587
INFO 2025-11-03 14:04:33,113 django.server "GET /openapi.json HTTP/1.1" 200 3587
INFO 2025-11-03 14:05:19,142 django.server "GET /openapi.json HTTP/1.1" 200 3587
INFO 2025-11-03 14:06:05,189 django.server "GET /openapi.json HTTP/1.1" 200 3587
INFO 2025-11-03 14:06:51,263 django.server "GET /openapi.json HTTP/1.1" 200 3587
INFO 2025-11-03 14:07:37,326 django.server "GET /openapi.json HTTP/1.1" 200 3587
INFO 2025-11-03 14:08:23,366 django.server "GET /openapi.json HTTP/1.1" 200 3587
INFO 2025-11-03 14:09:09,479 django.server "GET /openapi.json HTTP/1.1" 200 3587
INFO 2025-11-03 14:09:57,112 django.server "GET /openapi.json HTTP/1.1" 200 3587
INFO 2025-11-03 14:10:43,216 django.server "GET /openapi.json HTTP/1.1" 200 3587
INFO 2025-11-03 14:11:29,312 django.server "GET /openapi.json HTTP/1.1" 200 3587
INFO 2025-11-03 14:12:15,419 django.server "GET /openapi.json HTTP/1.1" 200 3587
INFO 2025-11-03 14:13:03,044 django.server "GET /openapi.json HTTP/1.1" 200 3587
INFO 2025-11-03 14:13:49,118 django.server "GET /openapi.json HTTP/1.1" 200 3587
INFO 2025-11-03 14:14:37,110 django.server "GET /openapi.json HTTP/1.1" 200 3587
INFO 2025-11-03 14:15:25,222 django.server "GET /openapi.json HTTP/1.1" 200 3587
INFO 2025-11-03 14:16:13,303 django.server "GET /openapi.json HTTP/1.1" 200 3587
INFO 2025-11-03 14:17:01,391 django.server "GET /openapi.json HTTP/1.1" 200 3587
INFO 2025-11-03 14:17:49,486 django.server "GET /openapi.json HTTP/1.1" 200 3587
INFO 2025-11-03 14:18:37,596 django.server "GET /openapi.json HTTP/1.1" 200 3587
INFO 2025-11-03 14:19:25,678 django.server "GET /openapi.json HTTP/1.1" 200 3587
INFO 2025-11-03 14:20:13,721 django.server "GET /openapi.json HTTP/1.1" 200 3587
INFO 2025-11-03 14:21:01,769 django.server "GET /openapi.json HTTP/1.1" 200 3587
INFO 2025-11-03 14:21:49,925 django.server "GET /openapi.json HTTP/1.1" 200 3587
INFO 2025-11-03 14:22:38,047 django.server "GET /openapi.json HTTP/1.1" 200 3587
INFO 2025-11-03 14:23:26,004 django.server "GET /openapi.json HTTP/1.1" 200 3587
INFO 2025-11-03 14:24:13,998 django.server "GET /openapi.json HTTP/1.1" 200 3587
INFO 2025-11-03 14:25:02,138 django.server "GET /openapi.json HTTP/1.1" 200 3587
INFO 2025-11-03 14:25:50,156 django.server "GET /openapi.json HTTP/1.1" 200 3587
INFO 2025-11-03 14:26:38,139 django.server "GET /openapi.json HTTP/1.1" 200 3587
INFO 2025-11-03 14:27:26,219 django.server "GET /openapi.json HTTP/1.1" 200 3587
INFO 2025-11-03 14:27:46,808 django.server "POST /api/user/login/ HTTP/1.1" 200 74
INFO 2025-11-03 14:28:14,327 django.server "GET /openapi.json HTTP/1.1" 200 3587
INFO 2025-11-03 14:29:02,597 django.server "GET /openapi.json HTTP/1.1" 200 3587
INFO 2025-11-03 14:29:50,661 django.server "GET /openapi.json HTTP/1.1" 200 3587
INFO 2025-11-03 14:30:38,686 django.server "GET /openapi.json HTTP/1.1" 200 3587
INFO 2025-11-03 14:31:26,820 django.server "GET /openapi.json HTTP/1.1" 200 3587
INFO 2025-11-03 14:32:14,906 django.server "GET /openapi.json HTTP/1.1" 200 3587
INFO 2025-11-03 14:33:03,018 django.server "GET /openapi.json HTTP/1.1" 200 3587
INFO 2025-11-03 14:33:51,043 django.server "GET /openapi.json HTTP/1.1" 200 3587
INFO 2025-11-03 14:34:35,483 django.server "POST /api/user/login/ HTTP/1.1" 200 74
INFO 2025-11-03 14:34:40,323 django.server "GET /openapi.json HTTP/1.1" 200 3587
INFO 2025-11-03 14:35:28,532 django.server "GET /openapi.json HTTP/1.1" 200 3587
INFO 2025-11-03 14:36:16,981 django.server "GET /openapi.json HTTP/1.1" 200 3587
INFO 2025-11-03 14:36:49,911 django.server "GET /api/user/profile/ HTTP/1.1" 200 235
INFO 2025-11-03 14:37:05,171 django.server "GET /openapi.json HTTP/1.1" 200 3587
INFO 2025-11-03 14:37:53,529 django.server "GET /openapi.json HTTP/1.1" 200 3587
INFO 2025-11-03 14:38:41,921 django.server "GET /openapi.json HTTP/1.1" 200 3587
INFO 2025-11-03 14:39:30,163 django.server "GET /openapi.json HTTP/1.1" 200 3587
INFO 2025-11-03 14:40:16,346 django.server "POST /api/user/login/ HTTP/1.1" 200 76
INFO 2025-11-03 14:40:18,326 django.server "GET /openapi.json HTTP/1.1" 200 3587
INFO 2025-11-03 14:41:06,713 django.server "GET /openapi.json HTTP/1.1" 200 3587
INFO 2025-11-03 14:41:55,103 django.server "GET /openapi.json HTTP/1.1" 200 3587
INFO 2025-11-03 14:42:11,148 django.server "POST /api/user/login/ HTTP/1.1" 200 74
INFO 2025-11-03 14:42:43,486 django.server "GET /openapi.json HTTP/1.1" 200 3587
INFO 2025-11-03 14:43:31,784 django.server "GET /openapi.json HTTP/1.1" 200 3587
INFO 2025-11-03 14:44:20,221 django.server "GET /openapi.json HTTP/1.1" 200 3587
INFO 2025-11-03 14:45:08,495 django.server "GET /openapi.json HTTP/1.1" 200 3587
INFO 2025-11-03 14:45:56,622 django.server "GET /openapi.json HTTP/1.1" 200 3587
INFO 2025-11-03 14:46:44,629 django.server "GET /openapi.json HTTP/1.1" 200 3587
INFO 2025-11-03 14:47:32,674 django.server "GET /openapi.json HTTP/1.1" 200 3587
INFO 2025-11-03 14:48:20,697 django.server "GET /openapi.json HTTP/1.1" 200 3587
INFO 2025-11-03 14:49:08,745 django.server "GET /openapi.json HTTP/1.1" 200 3587
INFO 2025-11-03 14:49:56,786 django.server "GET /openapi.json HTTP/1.1" 200 3587
INFO 2025-11-03 14:50:44,861 django.server "GET /openapi.json HTTP/1.1" 200 3587
